Base path: C:/Program Files/Unity/Editor/Data
Pipe name: \\.\pipe\UnityShaderCompiler-64bit-1-2128
Cmd: getPlatforms
Cmd: compileSnippet
  api=4 type=0 insize=541 outsize=3517 kw=SHADOWS_DEPTH ok=1
Cmd: compileSnippet
  api=4 type=1 insize=541 outsize=437 kw=SHADOWS_DEPTH ok=1
Cmd: compileSnippet
  api=4 type=0 insize=7523 outsize=4703 kw=DIRECTIONAL SHADOWS_OFF LIGHTMAP_OFF DIRLIGHTMAP_OFF DYNAMICLIGHTMAP_OFF ok=1
Cmd: compileSnippet
  api=4 type=1 insize=7523 outsize=3460 kw=DIRECTIONAL SHADOWS_OFF LIGHTMAP_OFF DIRLIGHTMAP_OFF DYNAMICLIGHTMAP_OFF ok=1
Cmd: compileSnippet
  api=4 type=0 insize=4918 outsize=3939 kw=DIRECTIONAL ok=1
Cmd: compileSnippet
  api=4 type=1 insize=4918 outsize=2891 kw=DIRECTIONAL ok=1
Cmd: compileSnippet
  api=4 type=0 insize=6810 outsize=3647 kw=DIRECTIONAL SHADOWS_OFF LIGHTMAP_OFF DIRLIGHTMAP_OFF DYNAMICLIGHTMAP_OFF ok=1
Cmd: compileSnippet
  api=4 type=1 insize=6810 outsize=1298 kw=DIRECTIONAL SHADOWS_OFF LIGHTMAP_OFF DIRLIGHTMAP_OFF DYNAMICLIGHTMAP_OFF ok=1
Cmd: compileSnippet
  api=4 type=0 insize=3647 outsize=2737 kw=DIRECTIONAL ok=1
Cmd: compileSnippet
  api=4 type=1 insize=3647 outsize=1152 kw=DIRECTIONAL ok=1
Cmd: compileSnippet
  api=4 type=0 insize=1329 outsize=1388 kw= ok=1
Cmd: compileSnippet
  api=4 type=1 insize=1329 outsize=1152 kw= ok=1
Cmd: compileSnippet
  api=4 type=0 insize=1325 outsize=1388 kw= ok=1
Cmd: compileSnippet
  api=4 type=1 insize=1325 outsize=1152 kw= ok=1
Cmd: compileSnippet
  api=4 type=0 insize=1325 outsize=1388 kw= ok=1
Cmd: compileSnippet
  api=4 type=1 insize=1325 outsize=1152 kw= ok=1
Cmd: compileSnippet
  api=4 type=0 insize=1329 outsize=1388 kw= ok=1
Cmd: compileSnippet
  api=4 type=1 insize=1329 outsize=1152 kw= ok=1
Cmd: compileSnippet
  api=4 type=0 insize=1317 outsize=1388 kw= ok=1
Cmd: compileSnippet
  api=4 type=1 insize=1317 outsize=1152 kw= ok=1
Cmd: compileSnippet
  api=4 type=0 insize=1327 outsize=1388 kw= ok=1
Cmd: compileSnippet
  api=4 type=1 insize=1327 outsize=1152 kw= ok=1
Cmd: compileSnippet
  api=4 type=0 insize=990 outsize=1071 kw= ok=1
Cmd: compileSnippet
  api=4 type=1 insize=990 outsize=697 kw= ok=1
Cmd: compileSnippet
  api=4 type=0 insize=14306 outsize=3809 kw=DIRECTIONAL SHADOWS_OFF LIGHTMAP_OFF DIRLIGHTMAP_OFF DYNAMICLIGHTMAP_OFF ok=1
Cmd: compileSnippet
  api=4 type=1 insize=14306 outsize=1420 kw=DIRECTIONAL SHADOWS_OFF LIGHTMAP_OFF DIRLIGHTMAP_OFF DYNAMICLIGHTMAP_OFF ok=1
Cmd: compileSnippet
  api=4 type=0 insize=7914 outsize=2899 kw=DIRECTIONAL ok=1
Cmd: compileSnippet
  api=4 type=1 insize=7914 outsize=1274 kw=DIRECTIONAL ok=1
Cmd: compileSnippet
  api=4 type=0 insize=1482 outsize=1274 kw=SOFTPARTICLES_OFF ok=1
Cmd: compileSnippet
  api=4 type=1 insize=1482 outsize=933 kw=SOFTPARTICLES_OFF ok=1
